d:\howtorender\myopengl\sandbox\x64\debug\vc145.pdb
d:\howtorender\myopengl\sandbox\x64\debug\vc145.idb
d:\howtorender\myopengl\sandbox\x64\debug\sandbox.obj
d:\howtorender\myopengl\x64\debug\sandbox.pdb
d:\howtorender\myopengl\sandbox\x64\debug\sandbox.tlog\cl.command.1.tlog
d:\howtorender\myopengl\sandbox\x64\debug\sandbox.tlog\cl.read.1.tlog
d:\howtorender\myopengl\sandbox\x64\debug\sandbox.tlog\cl.write.1.tlog
d:\howtorender\myopengl\sandbox\x64\debug\sandbox.tlog\link-cvtres.read.1.tlog
d:\howtorender\myopengl\sandbox\x64\debug\sandbox.tlog\link-cvtres.write.1.tlog
d:\howtorender\myopengl\sandbox\x64\debug\sandbox.tlog\link-mt.read.1.tlog
d:\howtorender\myopengl\sandbox\x64\debug\sandbox.tlog\link-mt.write.1.tlog
d:\howtorender\myopengl\sandbox\x64\debug\sandbox.tlog\link-rc.read.1.tlog
d:\howtorender\myopengl\sandbox\x64\debug\sandbox.tlog\link-rc.write.1.tlog
d:\howtorender\myopengl\sandbox\x64\debug\sandbox.tlog\link.command.1.tlog
d:\howtorender\myopengl\sandbox\x64\debug\sandbox.tlog\link.read.1.tlog
d:\howtorender\myopengl\sandbox\x64\debug\sandbox.tlog\link.read.2.tlog
d:\howtorender\myopengl\sandbox\x64\debug\sandbox.tlog\link.read.3.tlog
d:\howtorender\myopengl\sandbox\x64\debug\sandbox.tlog\link.read.4.tlog
d:\howtorender\myopengl\sandbox\x64\debug\sandbox.tlog\link.read.5.tlog
d:\howtorender\myopengl\sandbox\x64\debug\sandbox.tlog\link.read.6.tlog
d:\howtorender\myopengl\sandbox\x64\debug\sandbox.tlog\link.write.1.tlog
