  pch.cpp
  Application.cpp
D:\HowToRender\MyOpenGL\Jonesin\src\Engine\Core\Window.h(12,22): warning C4244: “初始化”: 从“float”转换到“int”，可能丢失数据
  (编译源文件“/src/Engine/Core/Application.cpp”)
  
D:\HowToRender\MyOpenGL\Jonesin\src\Engine\Core\Window.h(12,37): warning C4244: “初始化”: 从“float”转换到“int”，可能丢失数据
  (编译源文件“/src/Engine/Core/Application.cpp”)
  
  Core.cpp
  Input.cpp
D:\HowToRender\MyOpenGL\Jonesin\src\Engine\Core\Window.h(12,22): warning C4244: “初始化”: 从“float”转换到“int”，可能丢失数据
  (编译源文件“/src/Engine/Core/Input.cpp”)
  
D:\HowToRender\MyOpenGL\Jonesin\src\Engine\Core\Window.h(12,37): warning C4244: “初始化”: 从“float”转换到“int”，可能丢失数据
  (编译源文件“/src/Engine/Core/Input.cpp”)
  
  Layer.cpp
  LayerStack.cpp
  Window.cpp
D:\HowToRender\MyOpenGL\Jonesin\src\Engine\Core\Window.h(12,22): warning C4244: “初始化”: 从“float”转换到“int”，可能丢失数据
  (编译源文件“/src/Engine/Core/Window.cpp”)
  
D:\HowToRender\MyOpenGL\Jonesin\src\Engine\Core\Window.h(12,37): warning C4244: “初始化”: 从“float”转换到“int”，可能丢失数据
  (编译源文件“/src/Engine/Core/Window.cpp”)
  
D:\HowToRender\MyOpenGL\Jonesin\src\Engine\Core\Window.cpp(85,29): warning C4244: “参数”: 从“double”转换到“float”，可能丢失数据
  (编译源文件“/src/Engine/Core/Window.cpp”)
  
D:\HowToRender\MyOpenGL\Jonesin\src\Engine\Core\Window.cpp(85,26): warning C4244: “参数”: 从“double”转换到“float”，可能丢失数据
  (编译源文件“/src/Engine/Core/Window.cpp”)
  
D:\HowToRender\MyOpenGL\Jonesin\src\Engine\Core\Window.cpp(130,15): warning C4244: “return”: 从“int”转换到“float”，可能丢失数据
  (编译源文件“/src/Engine/Core/Window.cpp”)
  
D:\HowToRender\MyOpenGL\Jonesin\src\Engine\Core\Window.cpp(135,15): warning C4244: “return”: 从“int”转换到“float”，可能丢失数据
  (编译源文件“/src/Engine/Core/Window.cpp”)
  
  Camera.cpp
D:\HowToRender\MyOpenGL\Jonesin\src\Engine\Renderer\Camera.cpp(75,19): warning C4244: “+=”: 从“double”转换到“float”，可能丢失数据
  (编译源文件“/src/Engine/Renderer/Camera.cpp”)
  
D:\HowToRender\MyOpenGL\Jonesin\src\Engine\Renderer\Camera.cpp(78,19): warning C4244: “+=”: 从“double”转换到“float”，可能丢失数据
  (编译源文件“/src/Engine/Renderer/Camera.cpp”)
  
  CameraController.cpp
  Material.cpp
  Buffer.cpp
  Shader.cpp
  Texture2D.cpp
D:\HowToRender\MyOpenGL\Jonesin\src\Engine\Renderer\OpenGL\Texture2D.cpp(35,10): warning C4101: “format”: 未引用的局部变量
  (编译源文件“/src/Engine/Renderer/OpenGL/Texture2D.cpp”)
  
  VertexArray.cpp
  Renderer3D.cpp
  lightSource.cpp
  ExampleLayer.cpp
D:\HowToRender\MyOpenGL\Jonesin\src\ExampleLayer.cpp(275,22): warning C4244: “初始化”: 从“double”转换到“float”，可能丢失数据
  (编译源文件“/src/ExampleLayer.cpp”)
  
D:\HowToRender\MyOpenGL\Jonesin\src\ExampleLayer.cpp(277,6): warning C4244: “=”: 从“double”转换到“float”，可能丢失数据
  (编译源文件“/src/ExampleLayer.cpp”)
  
D:\HowToRender\MyOpenGL\Jonesin\src\ExampleLayer.cpp(292,36): warning C4805: '==': 在操作中将类型 'int'与类型 'bool' 混合不安全
  (编译源文件“/src/ExampleLayer.cpp”)
  
D:\HowToRender\MyOpenGL\Jonesin\src\ExampleLayer.cpp(319,17): warning C4244: “初始化”: 从“double”转换到“float”，可能丢失数据
  (编译源文件“/src/ExampleLayer.cpp”)
  
  stb_image.cpp
  正在生成代码...
D:\HowToRender\MyOpenGL\Jonesin\src\Engine\Renderer\OpenGL\Shader.cpp(136,1): warning C4172: 返回局部变量的地址或临时 
D:\HowToRender\MyOpenGL\Jonesin\src\Engine\Events\Event.h(56,1): warning C4715: “EventDispatcher::Dispatch<MouseScrolledEvent>”: 不是所有的控件路径都返回值
D:\HowToRender\MyOpenGL\Jonesin\src\Engine\Core\Window.cpp(121,1): warning C4715: “Window::IsVSync”: 不是所有的控件路径都返回值
  glad.c
  Jonesin.vcxproj -> D:\HowToRender\MyOpenGL\bin\Debug-windows-x86_64\Jonesin\Jonesin.lib
