d:\howtorender\myopengl\bin-int\debug-windows-x86_64\myopengl\jonesin.pch
d:\howtorender\myopengl\bin\debug-windows-x86_64\myopengl\jonesin.pdb
d:\howtorender\myopengl\bin\debug-windows-x86_64\myopengl\jonesin.idb
d:\howtorender\myopengl\bin-int\debug-windows-x86_64\myopengl\pch.obj
d:\howtorender\myopengl\bin-int\debug-windows-x86_64\myopengl\material.obj
d:\howtorender\myopengl\bin-int\debug-windows-x86_64\myopengl\lightsource.obj
d:\howtorender\myopengl\bin-int\debug-windows-x86_64\myopengl\cameracontroller.obj
d:\howtorender\myopengl\bin-int\debug-windows-x86_64\myopengl\camera.obj
d:\howtorender\myopengl\bin-int\debug-windows-x86_64\myopengl\vertexarray.obj
d:\howtorender\myopengl\bin-int\debug-windows-x86_64\myopengl\texture2d.obj
d:\howtorender\myopengl\bin-int\debug-windows-x86_64\myopengl\shader.obj
d:\howtorender\myopengl\bin-int\debug-windows-x86_64\myopengl\renderer.obj
d:\howtorender\myopengl\bin-int\debug-windows-x86_64\myopengl\buffer.obj
d:\howtorender\myopengl\bin-int\debug-windows-x86_64\myopengl\layerstack.obj
d:\howtorender\myopengl\bin-int\debug-windows-x86_64\myopengl\layer.obj
d:\howtorender\myopengl\bin-int\debug-windows-x86_64\myopengl\core.obj
d:\howtorender\myopengl\bin-int\debug-windows-x86_64\myopengl\application.obj
d:\howtorender\myopengl\bin-int\debug-windows-x86_64\myopengl\stb_image.obj
d:\howtorender\myopengl\bin-int\debug-windows-x86_64\myopengl\examplelayer.obj
d:\howtorender\myopengl\bin\debug-windows-x86_64\myopengl\jonesin.lib
d:\howtorender\myopengl\jonesin\..\bin\debug-windows-x86_64\myopengl\jonesin.pdb
d:\howtorender\myopengl\jonesin\..\bin-int\debug-windows-x86_64\myopengl\jonesin.vcxproj.filelistabsolute.txt
d:\howtorender\myopengl\bin-int\debug-windows-x86_64\myopengl\jonesin.tlog\cl.command.1.tlog
d:\howtorender\myopengl\bin-int\debug-windows-x86_64\myopengl\jonesin.tlog\cl.items.tlog
d:\howtorender\myopengl\bin-int\debug-windows-x86_64\myopengl\jonesin.tlog\cl.read.1.tlog
d:\howtorender\myopengl\bin-int\debug-windows-x86_64\myopengl\jonesin.tlog\cl.write.1.tlog
d:\howtorender\myopengl\bin-int\debug-windows-x86_64\myopengl\jonesin.tlog\lib-link.read.1.tlog
d:\howtorender\myopengl\bin-int\debug-windows-x86_64\myopengl\jonesin.tlog\lib-link.write.1.tlog
d:\howtorender\myopengl\bin-int\debug-windows-x86_64\myopengl\jonesin.tlog\lib.command.1.tlog
